2.521586396983996003e+00,-1.386528645862042275e+00
1.646200869897498809e+00,-5.133280026603311841e-01
2.821072676042670313e+00,4.819713620742971383e-01
2.841962529817898542e+00,4.644520210818028905e-01
3.286392384320445892e+00,2.560106541085912291e+00
2.057109899572679090e+00,9.017713121567552115e-01
2.575432572417049037e+00,-1.345681584908960948e-01
2.653658705962205211e+00,8.726108118165690763e-01
1.593709313792162519e+00,-9.198282089117446048e-02
2.840805622207797754e+00,1.358931438073450737e+00
2.017580923224437495e+00,-7.755310029016818096e-03
3.235940415398927072e+00,1.373464576134430404e+00
3.479174445596264320e+00,2.556813680006341905e+00
2.670086540543394449e+00,5.530135133967281069e-01
1.349199561547148596e+00,-7.085052142120009666e-01
1.391136895805437979e+00,-4.531826462011639967e-01
2.008086810842365288e+00,-6.118294728630455648e-01
4.731157944463655340e-01,-3.039025317554690631e+00
1.471239051033516265e+00,-2.638440883336881093e+00
7.001635773857883827e-01,-3.528061351513928745e+00
3.222818542283315324e+00,2.196660525342617909e+00
9.319062564149238614e-01,-1.813325222131169090e+00
1.207217850499518130e+00,-1.378803328109506010e+00
1.532617756551080568e+00,-9.818785547312639528e-01
1.837651656831814417e+00,-1.153394340295189835e+00
2.699889150039126662e+00,3.649389262324607697e-01
2.440624826403496428e+00,4.589948967927142687e-01
2.657365547251795856e+00,3.422985254757400231e-01
1.942029899722370168e+00,-2.791175804400311655e+00
2.051408862876813455e+00,-4.484702194696384980e-01
2.707000083939823831e+00,-3.941491549278041684e-01
1.073555744336726070e+00,-1.362490534839503553e+00
2.133789236153416091e+00,-1.067471533116938875e+00
2.705967004662555908e+00,1.856490130580375375e+00
2.277138793674108985e+00,-1.040248705283935760e+00
2.493763952759988634e+00,2.035228360136473125e+00
2.952247360506799811e+00,-2.488588879229844397e-01
2.882030467367766136e+00,2.779571606279727991e+00
2.566657535636474474e+00,1.161852490446271258e+00
1.726091800030339574e+00,-1.255441234455386246e+00
3.146656709094862947e+00,3.754546825330002946e-01
1.314816968692226418e+00,-1.834708697611537653e+00
2.428159593441313824e+00,-6.400538963419627470e-01
2.267428797369940519e+00,2.305356712394107110e-01
2.557196855153402115e+00,1.362165335858791515e+00
3.541553361613512418e+00,1.440496749500720375e+00
1.890587574127661874e+00,-1.717638070963286356e+00
2.516071332306409225e+00,-4.461704683350390388e-01
1.627701002334649427e+00,-1.171816472966556777e+00
-2.818181782844906280e-01,-4.301926701796558561e+00
8.892729868466415777e-01,2.916100488229771970e-01
2.982253897238391627e+00,1.095585264947266602e+00
3.087684978879098541e+00,3.903616824925908446e+00
3.028377811635755368e+00,1.854152438144967441e+00
5.267521700459982803e-01,-3.076487718032043794e+00
1.543599972748981308e+00,-4.095392099551698473e-01
1.513417552171036240e+00,7.110642231059494112e-02
2.003382585777258917e+00,3.786311079971891314e-01
4.214560470961572491e+00,3.541770975401159038e+00
1.563218850955942818e+00,-2.823508060309725121e+00
2.860478698399650632e+00,1.452540284338990961e+00
7.667806809488322273e-01,-1.366996920190049813e+00
2.586651810035592192e+00,4.913649225843629287e-01
2.606204756568875069e+00,1.758766172327002941e+00
1.658049913461541180e+00,-1.711518518648628806e+00
2.909080760772564389e+00,3.083820705723250288e-02
2.828369746175201982e+00,9.295823764907764630e-01
1.887671694658551003e+00,-9.165303777020363807e-01
1.160544895145351418e+00,-1.621537979632518889e+00
1.659371175292375433e+00,-4.833889087360954684e-01
2.636162812154002388e+00,1.177476814677343553e+00
1.091450600404912930e+00,-9.046896336029652819e-01
2.082399684947433549e-01,-1.983808496774004171e+00
8.876967856186677164e-01,-1.078867241229179985e+00
2.618012970081493140e+00,-4.662504654381582347e-01
2.541914241635959470e+00,1.364700137281379955e-01
3.582010868801808634e+00,2.468405235646105478e+00
1.651205923623587424e+00,-1.556429890124375159e+00
2.076870842095804193e+00,-4.237457838875698934e-01
2.778656701148015884e+00,1.915503943456494218e+00
2.260382113838262708e+00,-7.046085014184721995e-01
2.608775219765195441e+00,4.876727321808698168e-01
8.401718016821755342e-01,-4.241987888015767538e+00
1.279633185241495941e+00,-3.083577413688385338e-01
8.256410204028776789e-01,-1.365311722948134854e+00
1.677377523237161494e+00,-1.036363719160029673e+00
1.240272202779499455e+00,-2.037290079223148087e+00
2.416986560499061021e+00,-4.403155738221570248e-02
2.604271804475527308e+00,1.181358762181134781e+00
2.935559501090695633e+00,7.946080230506538111e-01
1.961912175094303157e+00,1.270938725308902839e+00
2.053752095249944620e+00,-2.212560489531851804e-01
2.750767421228513143e+00,1.830755101699064857e+00
1.973843123500488739e+00,1.488608930346090320e-01
1.266667102605488537e+00,-1.486312554634987793e+00
1.229165656685807573e+00,-7.453603089286392480e-02
5.283407132553932239e-01,-2.179957408486487225e+00
2.230826291851852883e+00,1.345441035607848335e+00
8.168648142614003405e-01,-1.222122744433884023e+00
2.479893912551810242e+00,-5.142441283982684963e-01
3.194484624439115628e+00,1.769143107680925420e+00
1.836808297558035541e+00,3.976386517820016397e-01
3.764807058928282935e+00,2.028966124714128849e+00
2.636389287926450553e+00,2.070197536659825310e+00
2.668670262858959585e+00,1.093867736833310511e+00
3.032980092286631901e+00,1.737063582734671430e+00
2.565713390543723271e+00,-5.029656069495566095e-01
1.408302903940715112e+00,-1.512723176683454795e+00
2.059473405387945988e+00,-7.007279379330338953e-02
1.691402984848303870e+00,-1.619767384161122648e+00
2.571800432206255316e+00,9.539273982480109826e-01
2.490506101049888787e+00,2.582648240467268486e-01
5.785571141864715994e-01,-3.506582175736795648e+00
2.502547225293998423e+00,1.568509677065077490e+00
5.179851775880057740e-01,-2.069922931431182445e+00
2.266327581236511346e+00,1.506069021607729708e+00
3.372930430417309999e+00,2.832252924161500207e+00
3.213302531877226365e+00,1.326120582012803917e+00
1.999624350855881749e+00,2.882263282945420890e-01
4.496072776802195747e+00,2.522342920958379420e+00
2.111620852321722364e+00,-1.986342595897903074e-01
1.265967757238000591e+00,-2.525109947801833954e+00
9.178351270508886550e-01,-8.873351653494310209e-01
9.932170998008165164e-01,-4.867806075434153446e-01
3.044139312672368813e+00,1.274594404360830602e+00
1.433584323977058039e+00,2.034836619359557952e-01
7.779128031825908174e-01,-3.435451870448527067e+00
1.767967473546360857e+00,-1.599131589975053780e+00
2.857023247026878821e+00,1.196025796303074262e+00
2.606965823019415485e+00,2.769430825342825697e-01
1.063356303296274064e+00,-5.240589515431710588e-01
1.761262300502941081e+00,-1.201293413341745664e+00
1.697709383768552405e+00,-1.470754110438850626e+00
2.120161127113784794e+00,-2.123839715132620043e+00
1.347969121034760631e+00,9.328430843695728614e-02
5.378197832903155451e-01,-3.071341594949267950e+00
2.131883203413701189e+00,-1.507143567672061535e-01
2.852735442556404433e+00,5.954243554471988498e-02
1.899109058840430908e+00,-3.850768545684882249e-01
3.062366146935760369e+00,9.273429202427259099e-01
1.780063856351857154e+00,-1.898045982121476793e-01
2.812855127549318546e+00,1.132072144936027813e+00
2.480735668803629945e+00,6.573095015176972922e-01
1.225969540040630079e-01,-3.603666737772338813e+00
1.522159018484752435e+00,-2.681370030656355374e-01
1.532410178578870408e+00,-1.168359068127887701e+00
3.037739803004168682e+00,1.303406551241822253e+00
1.755413584601065224e+00,-1.375493183516389273e+00
2.970415038314425438e+00,-1.212595737889159697e-01
1.377524550397112968e+00,-1.052568313903876840e+00
2.451349855412767731e+00,5.288805621450790584e-01
2.575128105913240706e+00,1.153745890162194421e+00
1.519022388215519381e+00,-1.436992158090475979e-01
1.661337081985580610e+00,5.671278126185873569e-01
1.695019046655798167e+00,2.992721059309317866e-01
4.053867076196839392e+00,1.671480682652074057e+00
1.474681254138058728e+00,-1.713255236002190429e+00
8.176327580211690815e-01,-3.626848060756175940e+00
3.362702590771639244e+00,3.225756224488275148e+00
2.930187426069830181e+00,7.382267703848947038e-01
2.796796621703760088e+00,6.323260634490460719e-01
5.678544972096972732e-01,-2.591747645805833056e+00
2.111809777815136790e+00,-1.152569686930937864e+00
2.749492864050408159e+00,-1.652688852417374843e+00
2.140069729991103564e+00,6.617266689481328124e-01
2.667348963698514375e+00,7.328573428847328097e-01
3.919219194980400722e+00,3.028201602282667881e+00
1.283449116788732747e+00,-3.530076966872496946e+00
8.089103625892017924e-01,-4.448752654849311705e-01
2.050512832638681893e+00,-1.419329526879111292e+00
3.261581967273627480e+00,1.562619979943185022e+00
1.861617058334926966e+00,-3.049431054022763710e-02
1.724698768417342709e+00,7.308988280713919483e-01
1.646971521026169949e+00,-1.286242927025425198e+00
3.660331497373070953e+00,2.479325723189038655e+00
2.687766241559161440e+00,-3.646917698149423903e-01
8.633808141311276607e-01,-2.154519146742590152e+00
1.881947594934580081e+00,3.244559991630340257e-01
-8.424351235335394428e-01,-5.993757116332503188e+00
3.009523138853160251e+00,4.846389754039707176e-01
4.428362077927966212e+00,3.230183779459062876e+00
2.194498774635880611e+00,8.684299915679214443e-01
2.066077023405714641e+00,3.836026086004301061e-01
2.339820940226652546e+00,1.499950742716019914e+00
1.432127588696272102e+00,-1.801275562239912365e-03
2.791989478345789699e+00,1.360150773905440147e+00
2.190061343707101482e+00,7.689460236512942748e-01
2.340719791807242434e+00,1.530101445487976886e+00
3.057196054071666502e+00,2.592003132408586819e+00
4.463182333853982442e+00,4.170677950120946775e+00
3.513579007994251935e+00,2.389005041900219339e+00
2.257652533298615705e+00,8.659718231041182435e-01
1.175775024127081236e+00,-2.112220224532657564e+00
1.867726111535922273e+00,-1.092960860824974345e+00
1.203946068236326772e+00,-2.213698804469519388e+00
3.544444063015077528e+00,3.139612552719197591e+00
2.823764048477722888e+00,1.964205028671540232e+00
1.698407999589706341e+00,-5.067162452281370744e-01
3.380632596429723691e+00,2.196367935741232458e+00
3.863453773919487411e-01,-4.133242720830690331e+00
1.771865566400267156e+00,4.270450515591792673e-01
1.574987820095212543e+00,-1.555519443359395515e+00
2.044499380635751429e+00,1.367588687790560198e-01
4.506778961203250500e-01,-1.779676134540818744e+00
4.034000867012382585e+00,3.046570518910850733e+00
1.919420211717683067e+00,-1.886617729163615753e-02
9.061703110195802324e-01,-2.621665567260634155e+00
8.317512440882035563e-01,-2.690354383908709401e+00
1.868266859947225411e+00,2.890620595082501465e-01
2.407736585869345802e+00,1.019027144535739060e+00
2.135587975801132465e+00,-9.395158093745415995e-01
1.823371951002270563e+00,6.357222082091511517e-01
2.387744785694922101e+00,-5.996102496385143921e-01
8.819904165473835267e-01,-1.437201779585826067e+00
1.962912973896510316e+00,-2.984377403511009330e-01
2.123836760270495283e+00,7.318062881769932249e-01
4.293701041485002534e+00,2.765521670755461514e+00
2.855023558164083486e+00,2.195502022995993840e+00
2.213690040221800714e+00,6.850605821440229892e-01
3.314679582090930055e+00,1.195165309914425045e+00
3.261932061945422401e+00,1.080951406073429100e+00
2.275507736863428665e+00,5.782007172930077044e-01
2.487091078002089617e+00,2.228193139814776957e-01
2.238380608798166360e+00,1.111976768092540313e+00
3.477095634344048669e+00,1.829547007766604949e+00
1.169409431850967795e+00,-6.254924687191392163e-01
3.149673605888364314e+00,1.295921019177613598e+00
3.363963904967988583e+00,2.405658797793854387e+00
2.929187952754130464e+00,1.124086631404822789e+00
1.246824983722199853e+00,-2.064572046878522915e+00
3.989475204200401137e+00,1.260667381727516689e+00
2.314013310530086631e+00,-5.302640690957258762e-01
3.966908634733095962e+00,1.964570348735263039e+00
1.511748583879955588e+00,3.182546654841500455e-02
2.938054074674547156e+00,3.479169328460837152e-01
3.629229350734900272e+00,3.775638523816112091e+00
2.134567254321258822e+00,1.230687246878210628e+00
2.376035610733733705e+00,2.145985821827796625e-01
2.594797741837062688e+00,3.110015513138946197e-01
1.249690892076278814e+00,-1.082825132698844062e+00
2.824311822355700663e+00,1.245559517054690479e+00
4.388909493717624954e+00,4.334383341820667646e+00
2.765210272830842975e+00,5.231937724352191399e-01
2.114593623924040600e+00,1.121424674260340648e+00
2.053098405237724133e+00,1.903405543628630348e+00
1.881067147086603386e+00,5.333677337450533074e-01
2.523757727839637699e+00,5.218290188907445115e-01
2.215519063307576086e+00,-5.566435271012160069e-01
1.124388895481119199e+00,-1.218887259611835416e+00
2.711367923212737452e-01,-3.142433302922194471e+00
1.496793903119825409e+00,-9.542003333537145693e-01
1.495545842860229069e+00,-1.295069511048443145e+00
2.953280594208070653e+00,1.349687775189408967e+00
2.188209077420068205e+00,-9.583522045264550870e-01
2.515352618166126319e+00,-2.314006290463884452e-01
2.229001328746802901e+00,-1.316049153468712429e-01
1.828399481600441190e+00,-3.193247172058578665e-01
4.018562114722207923e+00,2.579329178242068199e+00
3.473237899116063510e+00,1.650845429779724149e+00
2.745490302964847196e+00,5.279631302554890215e-01
1.764257716106575558e+00,-2.012366451510022358e+00
3.009907354983891281e+00,2.453573794789640772e+00
1.058947651979620819e+00,-2.824693916594974930e+00
3.698053279930459958e+00,1.893076631340314453e+00
2.135561031923846720e+00,1.108219609164714958e+00
7.124878672588739192e-01,-2.849560809496054059e+00
1.204698361416995489e+00,-2.770006676978195248e+00
1.211171121792466332e+00,-1.137193920942524139e+00
2.979553142763798679e+00,1.115386642463207512e+00
3.443154848757448150e+00,2.930007118593918936e+00
2.407943735158158294e+00,5.369252150706127491e-01
3.570442581821338113e+00,6.108835184058936107e-01
2.759790181409731868e+00,1.419768527218637111e+00
3.558593481918697066e+00,2.515354831289930537e+00
2.326236294446281327e+00,5.321843825900774982e-01
3.774487332254501837e+00,1.970152880300017895e+00
3.196372991417751663e+00,6.591954707373803846e-01
3.146743575588479391e+00,-1.179106041870603416e-03
1.971322086331013690e+00,1.256265997729224260e-01
2.783171997328784286e+00,1.328338038953180034e+00
1.410198057255863446e+00,-2.483339332107768804e+00
1.316440767148909341e+00,-9.083659256791711822e-01
1.249442472613048416e+00,-1.761375586499285717e+00
2.819333523298766853e+00,1.882147562373607030e+00
-1.707203460093573710e-01,-3.502386300665541352e+00
2.802728718276605857e+00,2.562780191085785586e-01
3.035666061543775829e+00,1.418893546077645507e+00
1.891607543785134293e+00,9.030202714145181275e-01
3.273557362170352203e+00,2.863103422033780099e+00
2.532531071120984745e+00,-3.920708737609939210e-01
2.523134057523076734e+00,1.367057740916287067e-01
1.647128189141235932e+00,-2.619421731400302988e+00
2.941496572651953745e+00,1.112516024654935709e+00
3.257117814113339005e+00,7.002797127650889353e-01
3.485439825601779340e+00,2.141125272666450474e+00
1.457525889364826188e+00,-1.544863943010858387e+00
4.054707386004278824e+00,2.949100748047474241e+00
2.569246765885713657e+00,2.411707553372086643e+00
7.660748221001247860e-01,-2.418022087329257719e+00
2.838533293285534942e+00,1.562667511978501178e+00
4.494516685400357758e+00,3.301078651720204427e+00
1.932239012184255422e+00,-2.753129460631159597e-01
9.698018363340985548e-01,-1.454736390615923414e+00
2.932616542297580953e+00,1.302906896111287516e+00
2.897537768679090853e+00,2.484339388343594357e-01
1.476730413441308620e+00,5.282451754744443839e-01
3.050450085416296808e+00,3.786949645027687383e-01
2.989387791579706466e+00,8.621960660607239646e-01
2.181601293574336964e+00,-6.488348025736017100e-01
2.474714760542076064e+00,1.548350157718918041e+00
2.605470979022226352e+00,8.908660071522106483e-01
2.515953420682358388e+00,6.814703812979300279e-03
2.798277138817482523e+00,9.673412190267182131e-01
2.038340441491433452e+00,1.654616570045650992e+00
1.057671117270030159e+00,-5.761593991604267995e-01
2.274629407209798337e+00,-1.588320202162225581e+00
2.838912222482977477e+00,3.046497295906708258e-01
4.908243260718508694e+00,3.930504408822926621e+00
3.117993661190236132e+00,1.641809996274398165e+00
2.232868078760581465e+00,1.715079410578763675e+00
2.389161222200283152e+00,-3.579571774956907815e-04
1.798057618865663621e+00,-1.014573170055615314e+00
1.882748875205593864e+00,-3.093821490724002921e+00
3.636780283630347999e+00,1.611630968541900799e+00
2.229551358247639392e+00,6.309918399003162648e-01
2.261040723534073482e+00,8.185028124371612757e-01
2.727575664604819927e+00,6.097188349064527335e-01
2.262639217450181928e+00,7.363341257170080700e-01
1.807887392655727954e+00,2.139210825763256718e+00
2.232884251293520084e+00,-1.819785247307588616e+00
1.474979205564345364e+00,-1.684631177896412702e+00
2.531546151569993519e+00,2.541447455189249638e-01
2.861758252610433040e+00,-8.560126492930369979e-01
2.546693380269299034e+00,-3.261658482560755856e-01
3.788273250827857819e+00,2.406664225949854963e+00
1.772965135546271442e+00,-9.769361912723455443e-01
1.133651567634241131e+00,-1.749678622139763995e+00
-4.013282635671888698e-02,-3.298935994715975983e+00
2.165895248326617839e+00,1.080603544867411614e+00
2.764505952742158712e+00,1.350911193393996124e+00
1.418928491596106900e+00,3.935443589134052789e-01
2.371577718638662180e+00,5.409564948112369903e-02
2.787314509054597877e+00,2.193127356620216961e-01
2.421385513578772741e+00,-1.814576331618767968e-01
1.023153133207510557e+00,-1.355881237137658513e+00
3.485497433620345920e-01,-3.232587904159490488e+00
2.573243613466208668e+00,1.936955872999849060e+00
2.410043619340384247e+00,5.532669802529398551e-01
1.179935965029037970e+00,-3.749411139780154389e+00
3.190070132763783484e+00,1.813517830959346488e+00
1.335877740253748724e+00,-1.580000025585949874e+00
2.559046043646730606e+00,1.372759859765432466e+00
1.982342646834061028e+00,-2.609756740859313640e-01
9.358982018260626479e-01,-2.013508036267807277e+00
3.150400877179367676e+00,2.724962237201420834e+00
2.109495586582000648e+00,-3.344086740227498744e-01
2.716999582720612594e+00,-8.212848856504902928e-01
6.767765183654028682e-01,-1.951121270735820090e+00
3.411406616565836103e+00,1.546489130063532613e+00
1.107926413031711910e+00,-7.455492517622517301e-01
2.057858459737949453e+00,-6.085456253716792219e-01
3.889784274845073053e+00,2.296418264943943743e+00
3.199552294441005085e+00,6.271573473384948194e-01
2.536727001446565932e+00,6.653785689052347241e-01
2.407945166155132988e+00,1.802912045655618301e-01
3.464816928488513526e+00,2.412849618999802548e+00
2.130107366023619608e+00,-4.941284937984308234e-01
2.044894840330252261e+00,4.922101902794191741e-03
2.115562761863334806e+00,7.951616588442780853e-02
1.843065452415342254e+00,-4.136973625735830828e-01
1.277849422681416991e+00,-1.407631198237675463e+00
1.142447829356711964e+00,-1.133760722307486812e+00
1.421067995710384002e+00,-1.115068444304643691e+00
1.267243869207733020e+00,-5.964427956990725477e-02
1.732603863065835359e+00,3.900052669567724006e-01
1.044034737983984940e+00,-1.839393114077872760e+00
4.365332576583208279e+00,2.088307255402457763e+00
1.152639930728965201e+00,-3.189914403699559919e+00
1.878253263932707640e-01,-2.625867104312113565e+00
2.694582869976093864e+00,1.181819733338505207e+00
2.552420431693193770e+00,2.406363527305141470e-02
3.080636572896831460e+00,3.255703091841241070e-01
2.417473979768320902e+00,1.793807455637966619e+00
4.166031624719459536e+00,2.960834265337414895e+00
2.253220704916936157e+00,-5.737026570006039661e-01
2.797768418850612004e+00,-4.228702263291674868e-01
2.050402752538449391e+00,4.542761840704570564e-01
1.858988465614317631e+00,-9.098722210212595307e-01
2.769811028165388489e+00,1.176814356857109001e+00
1.253112526685603134e+00,-2.247452448751736664e+00
2.116954232601692798e+00,9.097873287142333593e-03
1.498356400665664223e+00,-9.360992569062157598e-01
7.136673676601874572e-01,-3.361704360396766234e+00
2.930642649330942540e+00,1.674943337333573146e+00
3.213673348279566966e+00,1.434736635757163148e+00
2.309790398927690447e+00,1.830568541793263226e-01
1.495369137937711645e+00,-1.204805030213699224e+00
1.589386629087781611e+00,-7.903308651774570981e-01
2.051456433706265070e+00,-1.858542534458233586e+00
1.834001382592901130e+00,-2.004056222841217760e+00
1.845014709027377631e+00,-1.117935238378910290e+00
2.025473588489294485e+00,-1.518727194218456367e+00
2.659521872663436426e+00,1.335938820069431321e+00
2.538774195249500210e+00,4.827398391232596842e-01
2.659877620511833296e+00,4.377373066057662632e-01
7.252520280273928588e-01,-1.435491485273791001e+00
3.727105314754804333e+00,1.028022450859955139e+00
2.243498168601908205e+00,-8.405261581659031478e-01
3.101039081382987561e+00,5.012531339139563169e-01
2.531888389204532963e+00,1.442638379209848942e+00
2.050598947377572312e+00,-4.042676008008054822e-01
2.170747565121789346e+00,-1.892911646308016033e-02
2.037096424771007275e+00,-8.095123478885566382e-01
1.399700574879863879e+00,-1.925230638425446950e+00
1.261574937083389747e+00,-2.504756984435366762e-01
2.025198381817214788e+00,1.101852943407461538e+00
3.197212378760362572e+00,3.474219376644381851e-01
1.435987836396115380e+00,-1.564123867664468648e+00
6.775462521329107535e-01,-2.180431352005881340e+00
2.625403370404688186e+00,1.606823448694957968e+00
2.820511453788032696e+00,1.666435098555515415e+00
2.168193482430696317e+00,1.938510212936994881e+00
2.640019442163124008e+00,1.972489422150795146e+00
3.979035446965378142e+00,3.087011596521685330e+00
1.603268696141263439e+00,8.174392026741186257e-01
3.848958763433308228e+00,1.557419634210419623e+00
1.068802352163380931e+00,-6.104867299346223852e-01
3.678689644187419283e+00,1.401099933145377507e+00
1.376186020200680815e+00,-1.173096146805072015e+00
2.569160547558389407e+00,-3.989518386556391016e-01
3.809876087879816353e+00,2.825541336722120267e+00
1.843232394479862535e+00,5.682008276601224761e-01
2.721429248445050408e+00,1.435389830168158687e+00
1.394429052964848648e+00,-1.912316577963558029e+00
3.148280004741306648e+00,2.000985371659095957e+00
1.768774939377024236e+00,-5.384845846122674473e-01
3.362865365232906356e+00,1.233079679550865393e+00
1.514142984179766227e+00,-7.512607610929735724e-01
1.855182426107790272e+00,-1.146718454712980284e+00
1.189251246804650997e+00,-1.025301974250484971e+00
2.406775854937414749e+00,-7.373043287293004067e-01
3.048359871457280157e+00,1.659480902940673852e+00
2.423624081089315485e+00,1.262385472540363596e+00
3.248224223090854679e+00,1.152252743965245907e+00
1.505601434286006235e+00,-1.377732115575490468e+00
1.933067266561306008e+00,-7.843756669198218012e-03
2.445028573882062073e+00,8.253792392336525285e-01
2.798289563689143833e+00,1.868412123833117056e+00
2.135596227063061736e+00,-2.291028170626829397e+00
2.219853467146868375e+00,-7.086735299766924734e-02
3.361168441818562336e+00,2.512508855116803108e+00
1.747667927894802409e+00,-2.299936042027861838e+00
2.024577249380862032e+00,1.802277326777333155e-01
3.393331034688054970e+00,1.499209829807864436e+00
2.030227665956754191e+00,7.026414586188964861e-01
2.151400932579825120e+00,6.315739677564022880e-01
2.772723433245301017e+00,1.470892487336566967e-01
1.588502673470197468e+00,-1.163173793891636887e+00
2.454847056547106554e+00,4.693508806354339258e-02
2.215102556653543164e+00,1.648302387322731488e-01
3.972412876788107283e+00,1.814899136544388947e+00
1.037983194599165104e+00,-1.834944277783220334e-01
1.337250370085849571e+00,-1.189480397062299799e+00
3.258301080099875069e+00,1.327912290755899560e+00
2.142419124018822174e+00,-1.175576193168534456e+00
1.463033426248361968e+00,-3.393964669673563694e-01
2.737204265353358146e+00,8.731497115300692613e-01
2.431782458825986648e+00,1.109346975008253633e+00
1.750810419926582817e+00,-1.305809144012055167e+00
-9.231915974131954528e-02,-3.529401151239186074e+00
3.982479713884734540e+00,2.357749712922042384e+00
2.307347232212136667e+00,-1.267531487824511138e-01
2.952294280834885321e+00,1.482333234858012716e+00
2.396425576172091176e+00,2.416931417711208618e-02
-3.092376080688024054e-01,-3.719788585672603176e+00
1.975725115901746154e+00,1.437391575480764683e+00
2.377420035065354931e+00,8.616283707655887358e-01
3.518284892821093912e+00,1.732216217709731332e+00
3.599920984340865715e+00,5.886479446987096242e-01
2.164989235705927939e+00,2.145512479285078752e-02
8.063712008472267989e-01,-9.897591350094979701e-01
2.686170551926057026e+00,2.502917448490317387e+00
3.159590865103694579e+00,1.307231082988444815e+00
1.793599934591153966e+00,2.452106152702982489e-01
3.516116490294199259e+00,2.864009016976879707e+00
3.083796213488207094e+00,1.444759749554887174e+00
2.516597486794290628e+00,6.012017503584069500e-01
2.473984103624477626e+00,-7.186591617464970216e-01
2.588933771655586913e+00,6.333013563855601769e-01
3.320126430865180112e-01,-1.323495797160339160e+00
1.757600113440965339e+00,-1.334262254347347909e+00
3.506306315103564497e+00,2.767292951074790341e+00
3.266658470466714093e+00,1.912198450556621854e+00
1.254427521647671462e+00,-2.625127374894621557e+00
-5.793425500199873568e-01,-3.845543087468575205e+00
2.097197354577922113e+00,-5.426891239169704395e-01
2.401680642841988345e+00,1.733461622087883569e+00
1.962406863756548159e+00,4.634882740291962344e-01
1.722812570274993238e+00,-9.532797047774452803e-01
3.252898460821557869e+00,2.018790340498736846e+00
2.633071782746171152e+00,-9.946036764471755109e-02
2.449494707207268807e+00,-1.577494745575062640e-01
1.624161517845737590e+00,-8.761777577893079538e-01
3.308164182252005592e+00,9.465497582547988120e-02
1.854497346567901772e+00,-2.229674322845312862e+00
2.063118739300109361e+00,8.482423204719818921e-02
3.185093303885385030e+00,2.032325764447365568e+00
3.194195319618754247e+00,-1.221378780372294859e+00
2.864105862798047131e+00,2.082346912340651723e+00
2.012064814796552525e+00,6.730076827517279536e-01
1.505763281398255327e+00,-1.410574848910215673e+00
2.523574355089166055e+00,1.693156306311833337e+00
3.712031198150260280e+00,2.326375517883808364e+00
1.791428187830479191e+00,-1.211024071199567231e+00
1.307099717443711118e+00,-1.766246350055100889e+00
7.951478917749872366e-01,-1.659701129045584977e+00
1.443315579498198664e+00,-2.032617475959569653e+00
2.982746204281845337e+00,1.031014105485503096e+00
2.211221447925876049e+00,-1.480858684650316004e+00
3.300367188979729249e+00,9.941428689746653058e-01
2.269761319152144186e+00,-3.705092823318131279e-01
1.941801444175985214e+00,-2.214894826309830478e+00
6.875775855982591001e-01,-2.591913840638993438e+00
9.252970922519834218e-01,-1.483927692609835924e+00
1.524563409968952232e+00,-4.437348758805164661e-01
1.126423250427760703e+00,-1.602848330899059315e+00
1.065735925115292249e+00,-2.358752228108045745e+00
2.018327780062674659e+00,4.050435240186054386e-01
2.161992756519983683e+00,-5.429504043176119898e-01
1.801066510897480821e+00,-9.906167267319937464e-02
2.119177802152153678e+00,-9.213378359481841917e-01
1.724740841001222380e+00,-1.669241523152570794e+00
5.847322503990166620e-01,-2.193484227300352973e+00
2.165013406698712117e+00,4.252189614952422425e-01
1.662175329368158483e+00,-6.578089193856324624e-01
3.165012173641897242e+00,1.372554250603089887e+00
2.294032041423270663e+00,6.966493529316941657e-01
1.880807881882375021e+00,-2.902209193314231328e-01
2.326032457826971100e+00,-9.067378763143121301e-01
3.369107869295385971e+00,9.849901082371986805e-01
1.463870700437448047e+00,-1.883431602541711269e+00
-5.892787980909020007e-02,-3.418223739950917661e+00
3.220319947759018753e+00,1.121032838369798279e+00
2.772933962128933061e+00,1.871351642080296696e+00
2.796179491401822315e+00,5.485957491817416987e-01
1.272109528775481557e+00,-1.228304905411593095e+00
1.282640489475321388e+00,-1.985651473540358980e+00
7.025842084039908286e-01,-3.545821202141846040e+00
4.313478113346949083e-01,-3.306451766262290093e+00
-3.169956195570975410e-01,-3.192558602710697802e+00
3.917275994012133111e+00,2.023117851874029594e+00
3.967672933689063264e+00,2.988450812853011396e+00
1.853624445593572645e+00,-1.112565161996962093e+00
2.525878650021888827e+00,1.663240384151812634e+00
2.966412525559744662e+00,8.077790480514313032e-01
2.786209941854053795e+00,1.004244249819179036e+00
3.448224683533518409e+00,1.954226418682639022e+00
1.617151525233935239e+00,-3.454008320611520744e-01
1.602509745381107908e+00,-1.409935051973984388e+00
1.794169077867193485e+00,-7.140804222587014971e-01
1.697403440004318309e+00,-1.971909323461311203e+00
1.540103207044231093e+00,-1.138556731139975131e+00
2.958256265049290512e+00,8.237777899845688534e-02
1.600650352854168013e+00,-1.077905417031279622e+00
2.873945928171497854e+00,7.195160464215577534e-02
2.992296248736547426e+00,7.951224135266632409e-01
2.252432350523701388e+00,2.162901353246304836e+00
6.208286709378512125e-01,-3.197581317240787424e+00
1.082292993928300806e+00,-6.896233063919763318e-01
2.957076543856351769e+00,9.380171749427679284e-03
1.927244182907234649e+00,-1.587226431139006522e+00
1.529036347673002671e+00,-4.317690507391974686e-01
4.358657684844320812e+00,3.639826273427182901e+00
1.134661115668978759e+00,-4.104829738289199059e-01
3.239703700412079446e+00,1.671435734027763464e+00
2.418418644286962849e+00,-3.500823738063073565e-01
2.862422294175702930e+00,2.259076233220216778e+00
1.931523564133442505e+00,4.267779334967619631e-01
1.441193830115135910e+00,-1.131873815975504627e+00
2.069279021558011245e+00,-1.785681295580020977e+00
2.420736139570000667e+00,-1.502864275278456840e-01
2.431874918453052370e+00,-5.407500133846384477e-02
2.896612378023257328e+00,1.284207145088532398e+00
2.321764820346269520e+00,6.016363522491484650e-01
3.877965288368788510e+00,2.454907064799515481e+00
2.174308218298346418e+00,-2.217645792588897324e-01
1.982970565751851044e+00,-5.731835344063208604e-01
2.442232841906496255e+00,2.200953609089988106e-01
2.220770178476604073e+00,-1.037559538069160459e+00
1.579465282805388116e+00,-1.805593800007363470e-01
2.480804629540869666e+00,1.554759057827157731e+00
4.133686540922106190e+00,2.572192193476555921e+00
2.989255346416790360e+00,5.622159203024983398e-01
2.764589981774401295e+00,7.078338254305525101e-01
1.866982878364788156e+00,-4.563608033915848572e-01
2.259997740986257497e+00,-1.801933927249003364e+00
3.538525467689829895e+00,1.214811804506014337e+00
3.356801192945244150e+00,1.523585477707308233e-01
2.908379561660928481e+00,2.044365874107043624e+00
2.511325288230782604e+00,7.336829649097021955e-01
2.812055805600977454e+00,5.153585731253482738e-01
4.562437269781698390e+00,3.163897850358254882e+00
2.936988822523589171e+00,1.518640763491912793e+00
4.193577511794406298e-01,-2.394085049438612778e+00
4.532851902601645833e+00,2.934627101170895092e+00
1.474149764332143064e+00,4.248847975767993113e-01
2.386110695804447346e+00,6.753793019593145042e-01
1.186396865863724948e+00,-1.880115180471785497e+00
2.984459578351280395e+00,1.643805180599824833e+00
2.248425755329494624e+00,7.328132104582056883e-01
3.240040950635172390e+00,1.089494364089877321e+00
2.945901224025794019e+00,7.167231914955112249e-01
4.138191903223772172e+00,2.515839464657508628e+00
2.516743146274333043e+00,-4.024613716479330527e-03
1.852111673241251477e+00,-1.470687539357540929e+00
1.963311213774379116e+00,6.125532066812853227e-01
1.940334047891870473e+00,-1.591974146483612795e+00
2.654824041004578472e+00,1.200975412729964331e-01
8.392112113644816240e-01,-1.425166666674905436e+00
2.438559722144094888e+00,-1.185216759296093603e+00
1.440459688477891298e+00,-1.714945804587454825e+00
2.242042103436992395e+00,5.487867432393497280e-01
5.278813075675987676e-01,-3.667162900286979887e+00
5.743883303485968206e-01,-3.784725371181502762e+00
2.208821355672748066e+00,2.262729039980135859e-01
2.540743561193913092e+00,-9.059251187802621619e-01
1.978696184902017485e+00,-1.183961568010206022e+00
5.036860085858350100e-01,-2.985734885411307271e+00
2.550348833073513788e+00,5.374091944310505076e-02
3.351280682315344706e+00,1.786824867330034428e+00
3.220386143540634016e+00,3.661421097226992272e-01
1.952657649087381486e+00,-1.801345932482976586e+00
1.934688028895420464e+00,5.025493063715911202e-01
2.924561491310497807e+00,1.068773311388671932e+00
3.488022525656935713e+00,1.321300433878563441e+00
1.628075675792184818e+00,-2.416083699606471846e+00
2.373725034944274892e+00,2.068288150319729013e+00
2.165116257198270944e+00,-1.343373803284316770e-01
1.493060320538375896e+00,1.134399070437177137e+00
1.871576008243083233e+00,-1.861757397206173503e-01
2.868948334879798168e+00,1.946250098025355202e+00
2.324976752481619169e+00,-6.432269272236168511e-01
1.941702652686953634e+00,-7.876188680417364196e-01
2.276950759074592767e+00,9.627316255667373035e-01
2.453335629435835497e+00,9.816733661589082116e-01
3.236553431185707819e+00,2.223171632912907203e+00
2.821380073752640882e+00,1.932970085571803942e+00
4.195551236688509711e+00,3.369643172273506515e+00
4.206365189960785678e+00,2.044486546952166250e+00
4.063852649394790184e-01,-2.886936353502796759e+00
1.660151004323926482e+00,-2.281978021400591583e+00
3.545643074047296839e+00,1.301800902746132138e+00
2.030286384773676289e+00,3.641293908211281627e-01
2.843160292627941566e+00,3.532548192862457470e-01
3.428325161449321978e+00,1.925360836414114152e+00
3.313369017484253831e+00,5.507259695112782794e-01
3.401110582346788647e+00,2.318187904774478003e+00
1.188352426757679714e+00,-5.406182060381521381e-01
3.119678733966890771e+00,1.288713469916104026e+00
3.469213221908116207e+00,1.262392701934780703e+00
4.061470849163017149e+00,4.511542763007437173e+00
3.309828979168177199e+00,1.921972031983949725e+00
2.439126983733728604e+00,1.847399698196794171e+00
2.018673951479843964e+00,-9.010094836095082771e-01
1.051106503016838056e+00,-1.871199223413920754e+00
1.938718314529421116e+00,1.238134089459900000e+00
2.926567305550467069e-01,-2.377570921341635390e+00
5.604659164762644252e-01,-2.557986143873054896e+00
1.263944837352971140e+00,-3.288369021742895137e-01
2.279360873324581593e+00,-5.700399825437909573e-01
1.674278350626144718e+00,1.561757460202994607e-01
1.587561755615505277e+00,-4.025887880073955039e-01
2.401688843581163191e+00,-5.504355224320197637e-01
1.823051182566628015e+00,-8.179369345465801189e-01
2.192895319966368106e+00,-5.445609901336416758e-01
3.547836093808999447e+00,2.368586214397856438e+00
2.384469778776257431e+00,1.634943800225823418e+00
1.326817800438271355e+00,-4.727519332404589436e-01
1.515317532194762506e+00,-4.266918276040165825e-01
2.893452122938267479e+00,5.606333692670689706e-02
1.544855208541271896e+00,-1.218242937725072528e-01
2.848519627609579441e+00,1.556791222441135325e+00
2.138983007740107745e+00,1.527260097001521544e-01
3.976048632433637930e+00,1.994264384521752254e+00
7.345872090446121661e-01,-3.540509104444020672e+00
4.439409208915838789e+00,2.515995463741810045e+00
1.300345751886757606e+00,-1.187722276691421275e+00
3.240844819268283050e+00,2.771491880460211554e+00
3.854451524434596266e+00,2.637891995117336297e+00
2.811308279604196603e-01,-1.464348878488545003e+00
2.974855887388304421e+00,1.048128557149353268e+00
2.924701209762954335e+00,-4.609621490498386764e-01
2.045809064503128383e+00,1.103849287630340736e+00
1.911619692054850272e+00,-9.192428626999556152e-02
1.442019121133784054e+00,-5.335632267224051928e-01
1.440274068375323679e+00,-5.649173488998188164e-02
1.525287226575704036e+00,-8.932228343970062268e-01
3.363543202468223914e+00,1.851396579230372152e-01
3.513182688083982264e+00,3.129682978363251600e+00
4.977358389256055560e+00,3.406572096533167837e+00
1.812221726026465252e+00,-6.669140856097101056e-01
1.821313472792004173e+00,-8.336296021715341453e-01
7.619340646121339766e-01,-2.160895123226107994e+00
1.363403943564529097e+00,-2.762898941297571298e+00
3.259921565527884812e+00,1.157260526122187105e+00
1.444818416912222681e+00,-1.318486895657584368e+00
7.765352329744705795e-01,-1.420315854351754226e+00
1.509267248023961727e+00,2.472120075097414826e-01
1.539046985294262537e+00,7.976591135475130656e-01
2.394470120238120892e+00,5.344474386616927530e-01
1.903741503411155112e+00,-9.824055748856778958e-02
1.864434787083899092e+00,-5.248891260579353624e-01
2.773788780457494774e+00,4.284715577141036125e-01
3.512150960327124594e+00,1.315291470395119511e+00
3.444977400059249906e+00,2.000997709992356377e+00
4.010706858124726715e+00,2.839117482873857679e+00
2.498701651613757235e+00,4.636144850015430641e-01
4.327738311429643048e+00,3.560346510215592009e+00
3.598201441842062920e+00,2.182082741807801263e+00
9.985594669784907396e-01,-2.569123051521101431e+00
2.175625449080934803e+00,5.439989591511319444e-01
2.111240837655907310e+00,1.186099706722127944e+00
1.449211316992880194e+00,-2.502797320171954998e-01
1.650860591143130884e+00,-5.198960830118430909e-01
3.052212595101375214e+00,-1.586797432636903038e-01
3.565774856434092754e+00,2.756184097196855198e+00
2.080750811553611079e+00,-3.351074096984108658e-02
8.225413017441556285e-01,-2.897329571371774382e+00
2.001583828656571473e+00,-1.495619894404367045e+00
1.855812081839865346e+00,-7.522375183743922333e-01
3.029827137211385413e+00,1.253665560165300619e+00
2.726066300711615487e+00,2.227406987932822879e-02
7.582364461399919708e-01,-1.048269317700303294e+00
1.613352056945302593e+00,-5.593514433615384140e-01
2.169847233625129768e+00,5.332753467225208599e-01
-8.373438285525480751e-02,-2.281092475449182810e+00
2.484279548233771173e+00,-1.009884980733475879e-01
2.485202029874564733e+00,-7.261907030892831294e-01
1.355468277135931210e+00,-9.483643820698848259e-01
1.869446579845064793e+00,3.600370381048846324e-01
1.508551400902294004e+00,-1.298192112540166865e-01
1.660891379042451543e+00,3.260792208193130648e-01
6.588483657623087630e-01,-1.005074801410145824e+00
1.015431424774128732e+00,-2.802690833602053289e+00
2.802485334306154208e+00,2.251593660716152190e+00
2.751927986615148924e+00,-1.752868821848229952e-01
4.668397835841462395e+00,3.772166181637000459e+00
2.705490839784832069e+00,1.060033111466258671e+00
1.317284140822115202e+00,-2.437132361161971517e+00
2.633574743145069341e+00,9.270474628346245805e-01
4.644600341597351800e+00,3.679443003092969455e+00
1.702401184626892272e+00,1.775059311154572605e-02
1.402951712564921349e+00,-3.994967945695654388e-01
2.421909585698927447e+00,-2.724213636561255703e-01
2.586096890777893620e+00,7.659993598757103284e-03
2.296464739069822514e+00,2.245399536915151373e+00
1.996532052934594903e+00,-6.440045908376530459e-01
1.480007188858782907e+00,-2.191800386503331755e+00
1.913094728268053046e+00,-1.426021560365107410e+00
9.601356092673651865e-01,-1.629088037727286498e+00
3.181276254841317819e+00,1.885308153191371350e+00
1.266485490813720860e+00,-1.086356245714382496e+00
1.720368054741733044e+00,-1.268551679175168090e+00
6.073343506239605727e-01,-2.134970386503324047e+00
1.268090808641613609e+00,-2.795340723372061742e+00
1.389197769984763298e+00,-1.026717267216794793e+00
3.181393433852200747e+00,1.222239121718355470e+00
1.980421449589310434e+00,6.213302203741730700e-01
2.088295391919452459e+00,-5.494828555206519027e-01
2.149008655020968828e+00,3.763847187029595864e-01
2.718969052235846728e+00,-9.076045391154765607e-01
2.643059212048354922e+00,-1.059101569008695370e-01
1.150680264598027192e+00,-1.653132902680717109e+00
3.496489921922190103e+00,5.939390956149164236e-01
1.137542585637585368e-01,-1.687714377474318406e+00
1.731674419240939233e+00,-4.094837355236456422e-01
3.603231972473211364e+00,6.440868604704645950e-01
3.553761923537658074e+00,1.753350421515711854e+00
1.515419184300538014e+00,-1.291001710014382020e+00
8.751272378511929517e-01,-1.741967718932118991e+00
-3.252545560872763808e-01,-3.838155797630472321e+00
-1.034363170886596350e-01,-3.277911465484906195e+00
2.897458014889873645e+00,5.142468661679235886e-01
5.231318428616471561e-01,-2.972430718606224431e+00
7.240088172414917977e-01,-2.675357511589876225e+00
2.562336563177905369e+00,-9.097299885398627550e-01
1.807924001549943149e+00,-1.467508179696219939e+00
3.188338047196291658e+00,3.515794564923671928e+00
7.217680471795600017e-01,-2.415290454759944971e+00
1.729480625598911470e+00,-3.156908990378010094e-01
3.205722303074786339e+00,2.005472509879055565e+00
2.019071078034518685e+00,-9.413893566595090689e-01
1.350840983780545068e+00,-1.681280168921902018e-01
1.865923895733769378e+00,-4.553827274471588527e-01
2.027965072392839740e+00,-3.747353510729487525e-01
2.195416100720562813e+00,-4.725481208913172998e-02
3.080322786290862425e+00,1.710626317490138604e+00
1.787934788215800097e+00,-1.140701099336993485e+00
1.413669234530411378e+00,-1.204240957786191668e+00
4.280013923963513989e+00,2.641795666941490150e+00
3.465042168304474313e+00,1.540219371018123784e+00
2.415094944213948214e+00,-5.769742063560703293e-01
3.750924988227463786e+00,2.900920671854147148e+00
1.728529629135214130e+00,4.401708166279461043e-01
2.682875351582814538e+00,1.182741179965447031e+00
2.528447024412002975e+00,-1.343662234906260744e-01
2.286662355938343882e+00,1.309568391620507866e+00
1.660179250096607495e+00,8.178633084370633410e-01
3.253141620889105745e+00,9.936818482583311685e-01
1.813083635992560172e+00,-1.257017606262718634e-01
2.887885660806388533e+00,7.639068701346793944e-01
3.556961708947492973e+00,1.272096374421781917e+00
1.730919505539538106e+00,5.931212760251555194e-01
4.188124864604390929e+00,3.181287557060117788e+00
1.027653548443272946e+00,-2.795747460712969534e+00
2.704331521309944364e+00,1.268249182666208452e-01
2.021293454256452016e+00,6.007398489978098555e-01
4.799947330056201444e+00,2.786371984184641715e+00
1.275321379289354518e+00,-1.544130497703777749e+00
3.757788456264675947e+00,7.972552486519024484e-01
8.323932478130171564e-01,-1.399635711630672352e+00
1.441098982552283081e+00,-1.292028843668367566e+00
2.804973739229405183e+00,-8.980720085245649242e-01
1.279567347229070728e+00,-7.861021789422373285e-01
3.321916201741026864e+00,2.005920412432991462e+00
1.036716004245936018e+00,-1.568817058422112831e+00
3.741606355032606857e+00,2.584731967749941184e+00
-1.180953728749529752e-01,-5.232319620814508632e+00
1.677567747806696152e+00,-1.070342802852405795e+00
1.929509021072978836e+00,-1.817116323736122308e+00
1.842220131858889554e+00,-8.678585181312392649e-01
2.296158717005947647e+00,6.987700039441937516e-01
3.005987192223912974e+00,1.267377329558339039e+00
3.403998818505341806e+00,2.140045001848374095e+00
2.528001095890679562e+00,6.419619848902232695e-01
2.793627078235769723e+00,4.072543446535875078e-01
2.723724845106784365e+00,9.017457245123567944e-01
1.330404117747118420e+00,-8.219498358848409403e-01
1.496601439072855477e+00,-6.497474916983818627e-01
2.451515575383905521e+00,-1.266317709289172644e+00
2.932592035808518016e+00,4.313067592953712115e-01
2.315806008732563814e+00,3.540327598094865635e-01
9.864053896172273461e-01,6.320337387190453349e-01
4.364928670309245362e+00,3.228278979381840053e+00
2.015573991281328858e+00,-9.834840446426436067e-01
4.440258277079012217e+00,3.917357570493053665e+00
2.480041192702163055e+00,4.912879277810549561e-01
2.365043810278817826e+00,-2.523085287770825136e-02
2.177218532432425135e+00,-7.909571146767725436e-01
1.561232649835275765e+00,-1.075443469325043866e+00
8.431084943739601822e-01,-7.306507699145990964e-01
2.367509466048569156e+00,2.060094116594507474e-01
3.120177167045439681e+00,1.891948735623881106e+00
3.054961439181896221e+00,1.951921469808165277e+00
2.162531907827019317e+00,9.774411751902467582e-01
7.037435723414380284e-01,-2.146631144334858021e+00
3.059273681328539496e+00,1.017527037011119795e+00
2.466938544262978539e+00,8.375242565078291346e-01
2.024023603309281327e+00,-2.643350953143438486e-01
2.402659294469030815e+00,-3.472460566900826828e-01
1.668135604438065966e+00,-9.761398872712883090e-01
3.090174126492229334e+00,-6.140446927063509808e-01
2.284966926260115549e+00,7.957341151496805098e-01
9.134516109774861725e-01,-2.494434909249548582e+00
1.369449514607562701e+00,-5.353282080254926356e-01
1.530519202838162451e+00,1.995008709177987782e-01
3.978943595596880378e+00,2.064781990229373143e+00
1.764061202075290158e+00,-3.188069838832917835e+00
3.455038164301940995e+00,2.025518240358784805e+00
9.718581907146113252e-01,-3.508644087708429726e+00
2.653085063092917917e+00,1.818759360978390083e+00
3.005488291995268124e+00,9.962621062471157529e-01
2.242279825844332386e+00,1.610760332652390880e-01
2.971382724872545289e+00,2.572322551129532786e-01
2.147739600877436761e+00,3.428130767910567145e-01
3.373503934485240663e+00,2.104280647784092295e+00
1.259950226830574227e+00,-1.138703699099732347e+00
2.125218832685152659e+00,-7.230519735050916497e-01
2.538988797083307603e+00,-2.165695614083912590e-01
3.296556777802902793e+00,2.883515735724599072e+00
1.182304092317761679e+00,-1.311265106249699608e+00
2.084743931760696167e+00,-2.892089040134541711e-01
2.480528389992685323e+00,-2.430951823122948774e-01
2.477645791897603811e+00,1.537858383974634868e-01
3.234020958359852038e+00,2.395283601175628441e+00
1.332113268850077414e+00,-1.128070983155938567e+00
2.871060800874771779e+00,-2.793645150239049135e-01
2.556783808766565969e+00,1.863326978985521576e+00
2.164730635627306832e+00,5.196102230617790640e-01
9.834449660454886999e-01,-1.003386088267542053e+00
2.409575805156760619e+00,6.694549939207048439e-01
3.725675695046762659e+00,1.102474002192258995e+00
3.698027981926245378e+00,2.470456466956818531e+00
1.177927368049147105e+00,-2.183764057272944203e+00
8.687157199186521517e-01,-1.688574026780673476e+00
2.130080845212455110e+00,-4.183214926329048566e-01
1.109063182663512670e+00,-7.466384940443377971e-01
2.865451327421745908e+00,9.554888667905789834e-01
1.603289546292602008e+00,-1.159047189122841770e+00
1.592827277498304550e+00,-4.701317062718675666e-01
3.053991279423170724e+00,3.628175797841715067e-01
2.400160673720111326e+00,1.392149208553697115e-01
2.326449053508230946e+00,-7.414479738715856749e-02
3.699872169835705549e+00,2.588699381899388641e+00
1.415913303855399930e+00,6.498371447976281079e-02
4.414446856564192778e+00,3.793147399211280746e+00
1.310951011766368746e+00,-1.397250383301495091e+00
3.629669327597516038e+00,2.199947334548432387e+00
2.875412566106003709e+00,3.080574820719039764e-01
1.503443069224887463e+00,2.330068848356466604e-01
1.271412581348795312e+00,-1.277113008156616214e+00
1.819837391149002226e+00,-1.148819188575974648e+00
2.412479571663019851e+00,3.288558021208340953e-01
2.669571813069211874e+00,5.191207336828835839e-01
3.612429862521937096e+00,2.481146927674337199e+00
7.968363923678882799e-01,-2.236304158032390355e+00
1.958152027769972658e+00,-9.231522212734956101e-01
5.600169350403065849e-01,-3.336409165647024722e+00
2.621069708459277336e+00,5.908922112266183913e-01
2.889991946187181249e+00,8.013748213184626046e-01
3.991024517229542212e-01,-2.264006067574045655e+00
2.662970001437919620e+00,-7.790135845911494439e-01
3.034283191833776705e+00,1.875605145795419038e+00
4.754211570827336253e+00,3.563912643067473240e+00
7.423578122731360196e-01,-3.122800475017288857e-01
2.937280551788758132e+00,2.853302298866495335e+00
2.094967424782467003e+00,1.638236539229203370e-01
2.236882382611610431e+00,1.116386665198419781e+00
2.379634487182258784e+00,8.775036272702319007e-03
1.624246590483907848e+00,-1.989931723496214666e-01
1.242195723438632715e+00,2.259377431323366381e-01
2.479182244936137813e+00,-9.149002170918414389e-01
1.578494122359210383e+00,3.425936738651731428e-01
2.288374549923616108e+00,3.762192281035293684e-01
2.188429917167434180e+00,-3.289499497126991967e-01
1.859036577393087031e+00,1.747544652155470224e-01
2.516419306199973338e+00,-2.778639900017284559e-01
3.674400112475110891e+00,2.409436986985462159e+00
2.951355972920476134e+00,-2.565819764002103542e-01
2.811712788374287175e+00,1.160366291535768646e+00
3.491791290815598359e+00,1.478670591173499194e+00
3.221934418587403481e+00,2.595174217703907438e+00
1.978498555142959248e+00,-2.071318706703119794e+00
2.632166943991562480e+00,1.382956535287706235e+00
2.165371267877686190e+00,-1.060448276345521190e+00
2.952964513039283645e+00,9.614138038056488922e-01
1.777842248775203915e+00,-1.653903458472063992e+00
1.614013680767952374e+00,-1.334335768439841585e+00
2.196713116021433265e+00,2.143768106929221595e+00
3.014343886766548408e+00,1.208641068129096663e+00
2.195508219543670148e+00,-6.804086140467093813e-01
1.406834779335851326e+00,-9.175646432790303120e-01
3.676199323428360088e+00,1.199865613325951541e+00
3.495619964860696705e+00,1.818944328514173980e+00
2.373052710451920788e+00,4.030301523027227106e-02
3.084140265607983267e+00,3.424933518798828347e-02
2.300142707092827976e+00,-1.557305852773696042e-01
4.505481673481028793e+00,3.382318958823631760e+00
2.410302431751263796e+00,-2.481125708896872173e-01
3.486396483185862483e+00,1.591969535877877373e+00
2.564429366517212650e+00,1.437284129046311643e+00
1.286739400956629975e+00,-1.220858596322885070e+00
1.821221391066470296e+00,-6.245979024127874535e-01
3.830768363256481734e+00,2.159369611668663591e+00
2.532099704528181228e+00,-7.054892989392869129e-01
1.357019656417799869e+00,-2.270503747046036747e+00
1.707588293396783197e+00,-9.724865734910554949e-01
2.725092299786846084e+00,1.325135223311129984e+00
1.924075594626027286e+00,1.946937357430832405e-01
4.791827866527202939e-01,-3.191836152763187329e+00
2.765242572680572941e+00,9.311861466700591117e-02
2.060217863014691453e+00,8.579566747858545783e-01
6.912147919777733573e-01,-3.803891466708199776e+00
2.981365033465336545e+00,-2.716505345660780169e-01
4.745904527626798597e-01,-2.047919450167665190e+00
1.891433928967919620e+00,7.800777459188260043e-02
2.780370974615789414e+00,1.580745885019974484e+00
2.523157289029914097e+00,4.864800622836041866e-01
1.440787727083637115e+00,-7.562149144570174952e-01
5.167130426948982169e+00,2.908041727440328295e+00
1.824766722559670651e+00,-1.157545469022697837e+00
2.258020364737388874e+00,-1.510735094818581370e+00
2.077079540253634171e+00,9.578512807902592185e-02
3.607384976850560143e+00,1.704763629946720815e+00
2.586565793636907529e+00,9.635934318591891090e-01
2.477202578490611540e+00,7.828078161916897093e-01
2.278346951211046800e+00,-4.434539190110828866e-01
3.146224603358539262e+00,8.805074450938358277e-01
9.723503537202498048e-01,-3.933218596967515523e+00
-2.061771875430267187e-01,-3.130792287628979764e+00
3.648877734226613434e+00,3.098429097155423140e+00
3.077674884282009415e+00,1.966085376035137555e+00
1.414716731727097665e+00,-1.603726515713658873e+00
2.509770574603988447e+00,2.395023618098528484e+00
2.115960316491789062e+00,9.608301711788804766e-01
2.184850817920685362e+00,-4.394032680914378153e-01
2.872214269515042773e+00,2.003380074691189172e+00
4.435632438986033321e+00,3.657257770860657509e+00
1.377757486787095864e+00,-1.114148647697922545e+00
4.292759389301565420e+00,2.875313988624581096e+00
-2.045076446768858691e-01,2.921036510640095507e+00
-3.227241254148185412e-01,-3.545926534372632055e-01
1.471108520000665720e+00,4.191723422925161202e+00
-7.766912900129786523e-01,1.558324232806604703e+00
-9.083188382546378836e-01,1.320073024544404339e+00
-1.218649154959552838e+00,9.450299398437727039e-01
1.039943054843701198e+00,2.560198112253517344e+00
-2.355947270421362205e+00,-3.018352362912387399e+00
1.064452319107470069e-01,2.610763774386651637e+00
5.444645707886828223e-01,3.908193547202658102e+00
-7.902515600632564752e-01,1.796069211220010509e+00
3.493357083744043634e-01,3.521615358359053705e+00
-1.404131186855768654e+00,2.061179213533954169e+00
2.176888467334506805e-01,4.278590868524979385e+00
4.384664768516143840e-01,1.118684333963272604e+00
1.103705716526655944e+00,2.511457121639389278e+00
-1.430728076528308967e-01,2.434254515307937794e+00
1.273353286707082699e+00,4.561348717993333857e+00
1.010418601444297071e+00,3.376446472135242960e+00
-5.548035085208152806e-01,6.644384331285952960e-01
-1.295444390743091478e+00,7.934338637968083585e-01
1.263360288561143907e+00,4.345525475121917225e+00
2.404429869878295545e+00,6.867542912540844036e+00
-1.206681066281141135e+00,1.361800535749123187e+00
1.621712691517808391e+00,5.486280217978649176e+00
-8.827157518360169153e-01,1.844590279029878044e+00
-4.572398986131691601e-01,1.541891611064631906e+00
-1.103038526690029164e-01,1.902236024501775979e+00
1.100973895671844449e+00,3.345723744123501930e+00
9.076648715516555388e-03,2.992132288695873221e+00
-1.664758318864872466e+00,-1.512396107630253894e-01
-1.988312926966221195e+00,-9.179274585373962125e-01
8.591999453329853820e-01,3.840989124829795820e+00
-4.250918412110333833e-01,1.957200061004437996e+00
-2.481904248821203751e+00,-1.170307598934462234e+00
8.311855183432806937e-01,2.687771783874008946e+00
-7.938179548675841080e-01,1.570496004384172251e+00
9.251159364661540874e-01,3.249627854626944146e+00
-1.992052821245857142e-01,1.146494001285999653e+00
9.073009634955164771e-03,2.813655690501340789e+00
2.168392545991886244e-01,3.999005405517179756e+00
-2.333315951358186924e-01,2.784883571181191453e-01
-1.011836275027043985e+00,7.228371278276104483e-01
1.987416279999189295e-01,2.593826358596141191e+00
9.485516755759694218e-01,3.390919556524766065e+00
-4.003822128662093416e-01,1.622839664771946744e-02
-1.924086417753703149e+00,-1.890257946241151288e+00
1.676061878896847546e+00,4.985425503834614247e+00
8.858483502680181143e-01,4.254995195278016951e+00
1.528696938847167175e-01,1.292211414961123017e+00
4.154911353354444059e-01,3.146996332216299930e+00
-1.086122295165214968e-02,2.712179816892891004e+00
-1.820241353003439477e-01,1.569072191331733812e+00
-8.918494337089299950e-01,4.528574617697160853e-01
-6.506964057590531869e-01,1.891487437188706489e+00
-2.176710188876283425e+00,-1.659763051025824776e+00
2.239667748529659441e+00,4.044742064575427065e+00
2.953076048365250172e-01,2.241576148404096358e+00
7.227715141310326885e-01,3.938027669420347543e+00
7.414080318018523297e-01,3.120578547806149849e+00
6.407921183117091246e-01,4.017461332004506502e+00
4.395029424654981476e-01,1.123293567922956981e+00
-7.025235639379315833e-01,1.567295520527554054e+00
-1.640223202961831050e-01,2.650125721804792889e+00
-1.133197681684227076e+00,7.935692483419163334e-01
1.300432541536520770e+00,4.652528362483701940e+00
2.565714253257394550e-01,2.677690647042227479e+00
1.405886857386111632e-01,2.111977405947191855e+00
2.599130381287791391e-01,2.553279939818008160e+00
-2.265568180349086108e-02,2.186200196876594060e+00
-9.913711025625970841e-02,3.240962696406211485e+00
-1.457798697945348776e+00,-1.447772053598268993e+00
-8.764816771273350460e-01,1.495920387668105533e+00
-1.319184852020126808e+00,-2.462148200673577314e-01
-7.982175623071730008e-01,1.545933102661149583e+00
-5.645911989390810515e-01,2.274741953582068987e-01
1.553468469576808619e-01,3.215887279228182294e+00
4.957919852612413525e-01,3.938955523931731761e+00
-1.741269663418212765e+00,-1.463382645066987564e+00
1.784111472655457664e+00,5.357501944469211352e+00
-2.248571489263906376e-02,9.413132091897979947e-01
7.356412948388801887e-01,2.695314264860869446e+00
-1.165713658495115990e+00,1.829582140577054705e+00
-1.109279811342822386e+00,2.712040058348907934e-03
1.296112902151730806e+00,5.117043216752044543e+00
-4.654446162529380926e-01,2.283080734721074201e+00
-2.481419704311898400e+00,-1.946736414522579395e+00
-3.359081457134762139e-01,1.531043203407700615e+00
1.459561189553133076e+00,5.525372706375156540e+00
-1.008091470821995461e+00,-3.181214704491899248e-01
-1.003078798289468165e-01,2.525659594596906921e+00
7.807291382633125831e-01,3.935198326285724413e+00
-8.351916703829354027e-01,4.352846600820030609e-01
1.545387044930365716e+00,5.572914237107680968e+00
1.693591532730071680e+00,6.330687163241565329e+00
-4.514436555952777708e-01,2.357861957752908300e+00
9.732888054522528254e-01,2.493246535253939467e+00
4.657008593532380170e-02,1.918582603220780003e+00
-1.577074749789444619e+00,1.448619187029439370e+00
-1.025759777851665000e-01,1.585188412533726776e+00
9.477923027410360968e-01,2.565761109495550141e+00
-1.761848372654559736e+00,-3.306035486598806195e-01
1.560797513482290899e+00,5.707875201094827489e+00
-1.072149082677763765e+00,8.172446791195315807e-01
-1.457571036332385717e-01,8.285836611499746152e-01
-8.113412059126812181e-01,1.482657385694515551e+00
1.083139556263913172e-01,2.632508502705061204e+00
-3.902230495467386429e-01,1.294127665885067113e+00
-6.367987053962245181e-01,9.716385500652668927e-01
1.899152768916125389e+00,5.455475702030885721e+00
-3.357671546848543520e-01,1.605053964898458307e+00
1.259732638450282938e+00,3.153827160538082097e+00
-5.875605457963703482e-02,2.759110694846279799e+00
-1.549933586663482243e+00,3.550576669353835424e-01
3.553213462731184547e-01,1.085913548966970010e+00
6.164970524877320113e-01,3.308868144897700425e+00
-1.400864161516067075e+00,-9.703766954579817750e-01
7.786272686909189167e-01,4.685187089647562253e+00
2.333951486450677737e-01,1.639457748441137452e+00
1.370198844775870839e+00,3.773914861747626581e+00
-5.369146687830680942e-02,2.429242797886895122e+00
3.592826392542480818e-02,4.389580828682058122e-01
5.953691867097740120e-01,2.170880783573335471e+00
5.030194182460996366e-01,4.214904416478280069e+00
-2.382721945919091810e-02,1.603018031984475789e+00
-1.258871089609180149e+00,1.131524219506305773e+00
2.637010652812161737e-01,1.795412671274664751e+00
-1.040460568368968497e+00,5.099658500069699230e-01
-1.774362214582035246e+00,-7.978547999405782853e-01
-1.753669079396104280e+00,-5.320808569382617925e-01
-1.781545469442717744e+00,2.059753466592888493e-01
-5.300219872019380496e-01,1.108822660835544482e-01
-6.630828448457291024e-01,1.003486184162376560e-01
-7.180055366923001614e-01,9.457220465036189072e-01
5.179167027134694568e-01,3.173315066991894362e+00
8.146819381353032075e-01,2.072633741069282109e+00
-9.722279849702998300e-01,3.348231258647678121e-01
7.477655555593634706e-02,2.727975967510029687e+00
2.016540491979569305e-01,1.371406301878205447e+00
-5.775789544192357905e-01,1.061738767869158107e+00
9.463716100765100503e-01,3.451359578582488652e+00
-7.755058463627309551e-02,1.610789397018360658e+00
1.436971347964373535e+00,4.250135239017686750e+00
3.084142776443105083e-01,2.434815940534564405e+00
-7.046882626960870866e-01,1.730326100059906613e+00
-5.531355682756474712e-01,4.020027594954760364e-01
5.323482428328981664e-01,3.572579447139359488e+00
-2.338685592761707843e-01,1.467404231638697043e+00
1.510014381382951409e-01,2.573457291338930641e+00
-1.155508711021396628e+00,1.623464420341728776e+00
-1.140491364033404453e+00,1.855858426586123322e-01
-1.148120435954355090e-01,1.368043999465605953e+00
-5.146141632182554826e-01,2.163142724768618130e+00
-3.644452632546573145e-01,1.993817554092128796e+00
-1.179792512503303081e+00,-5.671948083747491154e-03
2.275688375667407115e+00,6.733659348263218547e+00
-3.414511006087984635e-01,2.528579297865088282e+00
1.786535000052346556e+00,4.940332783930740490e+00
2.670680410559092000e-01,3.193049211482305694e+00
1.780488587334717820e+00,5.972911910928830892e+00
-1.640324479211476394e+00,-1.318082765472178064e+00
2.772725004836197327e-01,1.775260775391281021e+00
-5.586229423580186815e-01,1.503036123790163270e+00
-2.846816304684197663e-01,1.856076340178112627e+00
4.250568215909145131e-02,1.272832368270520931e+00
5.571718028387950827e-01,3.002322620699420685e+00
7.759457357274819334e-01,3.398565853967415951e+00
3.268985258085550516e-01,1.997650667849470985e+00
-3.273797252267360985e-02,2.085035877132779270e+00
-9.233446676543386467e-01,-4.415104851687177145e-01
7.505004192240291028e-01,3.782963874361577883e+00
1.514817583528204947e+00,4.354423258236445271e+00
-1.076409839135465507e+00,1.174395899098203078e+00
-2.202168235068399094e-01,2.916600198108896258e+00
1.846225585761799293e-01,7.485785303252976419e-01
-6.568652597760549217e-01,1.408764301364885396e+00
7.261912538545001183e-01,5.192418313794544105e+00
1.179394218258331462e+00,4.702533235339505069e+00
8.957496974119182331e-01,6.002743601532930739e+00
2.032034947632411104e+00,4.464565333283230686e+00
-6.668791557875339837e-01,2.759685280651186901e+00
-1.525916382795287518e+00,4.098840775046261875e-01
6.300777630336182877e-01,3.467686138241249161e+00
-1.558937231539480814e-02,2.269472656170090197e+00
1.476499680138940285e+00,3.540360965483316580e+00
-1.259635878075946458e-01,1.915075226298768030e+00
-2.025905263888055086e-01,1.892397595446578151e+00
1.222012723774789977e+00,4.571754719203638295e+00
5.184826484849422989e-01,2.887764165731745880e+00
8.413213613974769300e-01,4.799300171119864622e+00
9.294344892827687277e-01,3.227064315029151587e+00
-3.102115099445887370e-01,2.333383973050699112e+00
-8.498839333998458034e-01,6.198532681464912208e-01
1.434028945303694735e-02,1.481569457476014318e+00
9.620220448680466552e-02,2.719974773048021710e+00
2.850097486729455731e+00,5.817575231352534182e+00
1.135718131742517345e+00,4.028187728736567941e+00
-1.084322467225666387e+00,-7.726916663099703264e-01
3.430668167871719909e-01,3.391253763973716584e+00
1.765325073672935785e+00,5.573112248506088662e+00
-7.238124307203661623e-01,1.233331792823922690e+00
-5.875740007566840895e-01,1.329699640531498250e+00
-7.105794967743531698e-01,3.732385351478217927e-02
1.183485545441912201e+00,3.521428737479656235e+00
-1.427867899085304870e+00,-2.354536980019674708e-01
-1.696236730018984451e+00,-1.396712352839172500e+00
-1.886297381315099331e-01,2.167447661688260307e+00
-9.583948308034604402e-01,2.515261298073141916e+00
-4.715006015380396320e-01,1.133660233639924630e+00
-1.232598364138781655e-01,9.166512313315409166e-01
4.051359179341599420e-02,2.337282492620186503e+00
-3.106959784876889286e-01,1.061617057818319054e+00
2.840004753047660202e-01,4.506669173948296248e+00
-1.397268026041827094e+00,-1.801996040304678637e-01
1.691792654401581553e-01,1.474885765339120081e+00
8.112065998872761696e-01,4.657050132524642727e+00
-9.011172318720441776e-01,1.426869110801251672e+00
-6.580484204296579431e-01,1.778856112807943424e+00
4.782494824143778689e-01,3.756951734631667428e+00
1.022142228345877424e+00,3.188022236591827596e+00
6.085238739813422226e-01,3.049349993053845687e+00
-5.845279233520176421e-01,2.124037211426212490e+00
-5.264023153544984401e-01,1.260999507544386278e+00
5.881436384276750307e-02,3.437268326582898048e+00
-8.771977839376980945e-01,1.161271696356193317e+00
-4.474320380435434230e-01,7.199183346103261716e-01
1.599754193190825458e+00,5.207833796963601714e+00
3.924894932070042697e-01,2.860198597156675682e+00
-5.245324871379035692e-01,1.085206220740482230e+00
-1.583114019704577657e+00,-5.819104602001785587e-01
1.480928695716127619e+00,4.131141336534763120e+00
-2.500693521075739723e-01,1.133396556840794211e+00
-7.611415977197142357e-01,1.944379892785949249e+00
-1.113836515508772607e+00,-3.382172489472865529e-01
3.260892811995754759e-01,3.183985972701395273e+00
2.706642689089950315e-01,1.977748562894289241e+00
-1.051269370644968282e+00,1.881069622830353172e+00
7.653987837278719564e-02,8.671636217380838119e-01
-9.126187271407031343e-01,1.834021221316883832e+00
1.522495015663665630e+00,3.942814100042673964e+00
8.666383681545586359e-02,8.278839942503586347e-01
8.572008724801735147e-01,3.562241767353612421e+00
-9.472906970149027606e-01,6.110748064205551167e-01
-3.201517297663441508e-01,1.815267826432503284e+00
7.107189924297743211e-01,2.613002364903477037e+00
-5.312346645174805815e-01,1.315141865953502354e+00
-1.161021882802072192e+00,-8.108363971458754094e-02
-2.234315847619919637e+00,2.184215042987041056e-01
1.198416966944210182e+00,3.954278717512270447e+00
-6.752333226196577387e-01,1.061821179633660295e+00
1.841441734833316968e+00,4.119833102906348188e+00
-8.066748288768816888e-01,8.239009060737876311e-01
1.386275157194788221e+00,3.747929491005208114e+00
4.533211812628065163e-01,2.254667810553951046e+00
-6.117782392445860751e-01,1.070359365272994134e+00
-1.316876123020831457e+00,2.820254571982117042e-02
-9.548708566733909997e-01,8.415443313513013557e-01
1.098392337289598730e+00,3.839421362492642320e+00
-1.661182227520038523e+00,9.903534488728604757e-02
-9.332544347450848488e-01,1.215454848214768457e+00
-7.759328371443761085e-01,1.379992486545758457e+00
1.373583909201156139e+00,3.317121461216021139e+00
1.928093961006949408e+00,5.573468324259927442e+00
-5.106797359815113957e-01,5.340335317704667517e-01
-1.387889459227663824e+00,-1.131883754669697151e+00
1.314770346078485419e-01,8.407154244616035221e-01
1.049736674332210490e-01,2.403149171277887408e+00
-2.035384231867481297e+00,-8.297089213812034458e-01
1.132596738973944195e+00,4.418762926824038040e+00
1.550850323198730507e+00,3.930027212896034960e+00
1.609488262397479552e+00,5.090774386578223343e+00
-1.301844357524014173e+00,2.506321981536334675e-01
7.605775347150758314e-01,2.469255135691022840e+00
1.140831224993543724e-01,3.732062556419325716e+00
-8.519386541001525703e-01,1.140960669815168860e+00
-9.099459846734375690e-02,1.327954178063404100e+00
1.289959116136681683e+00,3.263826002417918204e+00
6.962376358142651211e-01,2.301562893459715653e+00
-3.558567661217452716e-01,7.220583277310612669e-01
-4.815936924690299992e-01,7.739164679101449007e-01
-1.882051967194814379e-02,3.177344672308648921e+00
-9.930013800822031778e-01,-1.691138397161573437e-02
1.521326060704732974e+00,3.775586373877237722e+00
1.750012175721583074e-01,1.390395723335191791e+00
1.981970768351637435e-02,1.589469385075353625e+00
1.171007486575246892e+00,3.815659104245273880e+00
5.952193333297245426e-03,2.580421365154319524e+00
2.078427616110699039e-01,2.291109475127765638e+00
2.417677813777557583e-01,2.869033969887473390e+00
1.671335025883923020e+00,4.428442669420573630e+00
-3.195934365163877189e-01,2.518611253837141017e+00
3.556758392867116481e-01,7.141498907043368760e-01
5.708201384690243518e-01,2.640819515424796204e+00
-7.730480277932070265e-01,-4.802645411501864636e-01
6.668994291566001653e-01,2.962707535794149027e+00
7.750746420705377782e-01,3.105209784651654203e+00
2.171104359945410067e+00,5.344749225403155890e+00
1.787430865916708411e+00,5.482117407068838766e+00
-2.413175283864646692e-01,1.973581712610325667e+00
-3.643560460709199811e-01,8.401339016451794262e-01
-3.274991788538421655e-01,2.008335058901615788e+00
9.684377778096810996e-01,3.334499455530952616e+00
1.850367033068273326e+00,4.455415298310321681e+00
-9.399099968835198382e-01,1.353780555546321374e+00
8.859609407299701145e-01,5.538707644962739707e+00
-2.191847230216371623e-01,4.387612450944056164e-01
8.842164124660085722e-01,3.113914156626999219e+00
-1.245322304634818744e+00,3.117191695435639343e-01
-5.083525863723579175e-01,2.491033937723437397e+00
2.330604069425523228e+00,5.872580256020577316e+00
1.256450621832174042e+00,3.385659624441987425e+00
1.118927782406668126e+00,3.261692706773581030e+00
8.633147771606759502e-01,4.663168128840078808e+00
3.081015091850927146e-01,4.003556750502727191e+00
3.390959838131600290e-01,2.883184199798271674e+00
5.430538748458070275e-01,4.504228096951203852e+00
-2.894049295068105376e+00,-1.976585757528031451e+00
-1.412074361418563795e+00,-1.341061150844226280e+00
7.048417752528682856e-01,3.335505136109447211e+00
1.271828903465942462e-01,3.680500584795964869e+00
2.210512452468701650e+00,5.767423305388417631e+00
1.011387847970550924e+00,3.565732713583475100e+00
1.541505064361917254e+00,4.367916461864348676e+00
-1.220946641844140368e+00,6.350018210462415880e-01
-7.811426274316857210e-03,1.229791501689635913e+00
-1.243043996826821651e+00,1.141884809978917614e+00
4.856553342998656264e-01,1.091053072510694166e+00
4.952618067010234326e-01,1.832327722436839501e+00
1.615806093960741041e-01,3.125690413854750105e+00
-2.559092172863181025e-01,8.349566922866367147e-01
8.731094163165982192e-01,3.027711703474989857e+00
2.276264004069777358e-01,1.809565203275683709e+00
2.234008831868069755e+00,6.050432183208112491e+00
1.676780189997536974e+00,4.972406070475575035e+00
-2.594568246466674166e-01,2.216399358423951416e+00
-5.506214000214725290e-01,8.087331126932271186e-01
-7.535026855038799987e-01,-2.417170638037604569e-01
3.755257405913307034e-01,3.613758696473944099e+00
1.862987116065021098e+00,6.023422891165027160e+00
-7.108300919482647418e-01,1.035884660791397627e+00
-2.265764454762968061e+00,-1.401060970412739248e+00
1.930292473819152033e+00,4.557069290850455090e+00
-4.229348613294235393e-01,2.941796776738569097e+00
7.077208647950963272e-01,2.926506604442460358e+00
9.941646968985944355e-01,3.755893253152877698e+00
-2.297017007199595895e+00,-1.034935730129276088e+00
7.208716278260889343e-01,3.981938153036439054e+00
-7.488782356848022737e-01,1.124311594684211046e+00
-4.883098254136525873e-01,1.853621126134277430e+00
-6.137659028398498862e-01,2.209959250205769443e+00
4.205588973647138573e-01,2.596855421421722099e+00
2.032213874000936282e-01,2.853613466270466859e+00
2.036968819400912234e-01,2.666059208058708663e+00
4.499243233757420080e-01,1.738645884393605678e+00
-4.544158005909512132e-01,1.761556641347743479e-01
3.771395627997695676e-01,3.458692382190447390e+00
2.111400861636448800e-01,2.123338308441505173e+00
2.226796136139275184e-01,7.962558981012077819e-01
-1.525335218207851451e+00,-9.228478949094189865e-01
-5.608800535512945551e-01,2.076202951582566847e+00
8.084121038248637259e-01,4.647837298874476275e+00
4.050940222639570765e-01,2.353044499406105938e+00
1.391689930560173316e+00,4.914127059031929257e+00
-1.110618175826122433e+00,2.511419750228942593e-01
2.191894035577029998e-01,6.755185105080965258e-01
9.418167106095892693e-01,4.203718142560968651e+00
-5.962691206530310595e-01,3.392106825776703971e-01
4.121365111407777615e-01,1.660131701844961283e+00
-5.735924353236754314e-01,2.504597012540792367e-01
-6.060892902346819155e-02,1.875362110042928299e+00
-2.462497710410543605e-01,2.094932861322716278e+00
-2.214214075250673375e-01,2.237645469395311171e+00
-4.163765971772209751e-02,1.854031638862512654e+00
-3.660965788405206034e-01,1.054363527786936539e+00
-3.157190513144344290e+00,-2.329636439995575792e+00
1.450353600668785881e-01,2.352336517006008432e+00
-1.390284064630388450e+00,1.069600946363029159e+00
-1.082668458075096263e+00,3.402937741850609044e-02
1.720345755602104010e+00,5.007442174654128664e+00
-4.324051588234466559e-01,1.283628584587267696e+00
1.133964476667429500e-01,3.988453563296914250e-01
1.223995038530417023e+00,3.985648205111732789e+00
3.607291891174860266e-02,2.018459752845155553e+00
-8.296872035340945306e-01,6.305767472759784553e-01
1.307429090820541484e+00,5.206771221854266329e+00
-8.180420556934704379e-01,1.059168466104976059e+00
-2.231577227017415010e-01,2.930009041445910789e+00
1.192197843765216980e+00,3.696273926234273866e+00
-7.968980554753948287e-01,1.873903337669076130e-01
1.874182190504263490e+00,4.533803832429702751e+00
1.422529975818886072e+00,3.338269734068029848e+00
1.618136692543052035e+00,4.792529070506675204e+00
3.260002329661969567e-01,2.490056697661549912e+00
-1.215019824879916222e+00,1.454615294790779778e-01
1.075496861505829571e+00,4.297532795132896766e+00
5.594014866135543773e-01,3.002019459852083294e+00
1.361122660274732388e+00,3.604462943872829506e+00
2.707422279095746953e-01,2.894343397186612599e+00
-1.004610533964955810e-01,1.403053812380140153e+00
7.471126822948312984e-01,2.207935621173554797e+00
-2.911310172339545699e-01,9.957180729377879125e-01
2.831155251881500856e-01,2.960527199705079937e+00
4.358741984361004795e-01,3.702152669438190546e+00
7.438310773309747548e-01,3.880279315939986873e+00
1.441323271705736708e-01,3.375112298530433819e+00
7.180474471004666404e-02,1.433583616148421669e+00
-9.227780981507138769e-02,4.626493258104371620e-01
8.230717328341515815e-01,3.190057801783417801e+00
-3.569281941343983022e-01,1.429507133465598212e+00
-4.187832238738422030e-01,2.314677818578447788e+00
-7.864122443643659643e-01,1.430938323156677461e+00
1.887599326500406960e+00,5.205062995274250426e+00
1.616601984780034140e+00,3.794650474994339717e+00
-1.062215319689466142e+00,8.625376062031095969e-01
-2.352495459325769089e-01,9.058068695328669317e-01
1.652420468115284313e+00,5.911766896361976720e+00
5.909787189405215635e-01,4.091436607138509984e+00
3.643622164906875627e-01,1.769994964517461078e+00
-2.037311949296787716e+00,-2.269737161947766424e+00
1.550155991381690912e-01,3.273289864415246164e+00
-9.543746650064375281e-01,-1.498097853051443273e-01
-2.422909433589729655e+00,-1.928571002226068920e+00
9.542826401393039726e-01,3.676746619781198433e+00
1.175828114286664228e+00,2.506435694036532436e+00
-9.481888559564248808e-01,2.721669514919895505e-01
-3.096169541476244680e-01,1.318505234738227117e+00
-2.129585272199418622e+00,-1.783020527420883905e+00
5.151879631918226954e-01,3.271145089110325532e+00
-1.261382738870943543e+00,-2.029694136119597481e-01
-1.359987559904609622e+00,-2.531697043001193137e-01
1.263789310922032394e+00,4.785459357121323976e+00
-9.076483990146384517e-01,1.268941602911882960e+00
5.432506293872867431e-01,3.592759277789551398e+00
-1.190620301915405133e+00,3.124099198566372415e-01
1.090668736786170712e+00,2.824418030703181870e+00
-2.314930296232498019e-02,2.957626565232143179e+00
-7.128243063210406572e-01,1.663786785655939848e+00
9.084553793584442261e-01,2.799513356322287816e+00
1.357521643618876617e+00,3.209649891579786640e+00
-2.566124823777010122e-01,2.632417067997364413e+00
2.210587853975151340e+00,6.113210317285703965e+00
8.110683779151258710e-01,3.675340469942024235e+00
1.453458418795854801e+00,5.219263260814982708e+00
-1.311730466979477594e+00,1.945581850650250022e+00
-1.605820523232488028e+00,1.028316742434870923e+00
-1.277839954609053530e+00,-1.113872355687327342e+00
-5.667572451258827693e-01,2.981543503828036012e+00
1.539399546997389345e+00,4.886823884034466658e+00
4.828125142905522749e-01,4.705499690171544458e+00
1.412462811582779976e+00,5.381092593204202856e+00
-1.347070317087174507e+00,5.766113805363395350e-01
-4.665129828487950547e-01,-4.534066401617500297e-01
3.718596470989886660e-01,2.411617874737214784e+00
-4.679482015304611831e-01,1.424481969255778413e+00
9.539559821111018856e-01,2.661320334425199441e+00
7.637775699104487614e-01,4.235779260050134276e+00
-1.037379277427301849e+00,1.557924962578713046e+00
-1.226085471840385965e+00,-2.519251895683840559e-01
-1.603966654574834116e+00,1.404537441287395660e+00
-1.045581390058793053e-01,1.990808231776143966e+00
8.165253962944256649e-01,3.098095586743490060e+00
5.176679683527696252e-01,3.831659777074484907e+00
4.425421528301876073e-02,2.781457430752677595e+00
-4.850692048899674091e-01,7.398274913489146787e-01
-2.091385152112039236e+00,-8.705265859020858699e-01
2.078498246236029912e-01,2.090789005876840800e+00
-1.572461384407488838e+00,1.839007968141469052e+00
-2.294723720515783882e-01,1.218957166673498405e+00
-2.658451789025575995e-01,1.966996230719705085e+00
8.275356240199034374e-01,4.171230293853278148e+00
-8.112714821472561955e-01,1.097097000540523393e+00
1.877192892115188694e-01,2.332550593896392410e+00
-8.800995432236932148e-01,-1.683024118872245012e-02
-8.498728485770076224e-01,1.116556229443070425e+00
6.116829359049857917e-01,1.198221425142822705e+00
-8.016227457145203017e-02,1.735474623996101418e+00
-2.229627714582142151e+00,-1.729146182695942002e+00
-5.640402812626718054e-01,8.306499962758631117e-01
1.123585506214979102e+00,4.661906052343383067e+00
2.900891853546702093e-01,3.360540488805799697e+00
1.469069061179147928e-01,2.472943504826053296e+00
-2.758195691103948910e+00,-2.663581069779176858e+00
2.404117387598065037e+00,4.708111277578541198e+00
-1.468095482082526715e+00,-6.273880513564265016e-01
4.682281424488926591e-02,3.269285514275383608e+00
1.868941919840370058e-01,4.042493994927207623e+00
4.960057254970385854e-01,1.612567272556165499e+00
-5.631461018251895378e-01,1.386231394917324389e+00
1.199539137290898672e-01,1.783710226788436604e+00
1.343873626702925872e+00,3.831581266095303029e+00
-3.530747840402359561e-03,1.500821963787352109e+00
3.399735184400795585e-01,1.227544214564775693e+00
4.723856220182603982e-01,3.080532346599141214e+00
-1.048836106632700549e+00,1.035290656709816348e+00
-2.537523516858532502e-01,2.106885036644336129e+00
-1.897301294583480846e+00,-1.525727277777792601e+00
-9.325922649756875904e-01,8.061025563009773798e-01
-1.546052723176037480e+00,-9.712399675693430545e-01
-1.054622589985027559e-01,1.533178562984961468e+00
-1.346573281100926334e+00,-1.895668689316567956e+00
